<?xml version="1.0" encoding="UTF-8"?>
<testsuite name="springboot.webservice.taeyoon.web.PostsApiControllerTest" tests="2" skipped="0" failures="0" errors="0" timestamp="2023-01-18T06:26:46" hostname="jeongtaeyun-ui-MacBookPro.local" time="0.188">
  <properties/>
  <testcase name="Posts_등록된다" classname="springboot.webservice.taeyoon.web.PostsApiControllerTest" time="0.15"/>
  <testcase name="Posts_수정된다" classname="springboot.webservice.taeyoon.web.PostsApiControllerTest" time="0.037"/>
  <system-out><![CDATA[2023-01-18 15:26:46.503  INFO 30756 --- [    Test worker] .b.t.c.SpringBootTestContextBootstrapper : Neither @ContextConfiguration nor @ContextHierarchy found for test class [springboot.webservice.taeyoon.web.PostsApiControllerTest], using SpringBootContextLoader
2023-01-18 15:26:46.504  INFO 30756 --- [    Test worker] o.s.t.c.support.AbstractContextLoader    : Could not detect default resource locations for test class [springboot.webservice.taeyoon.web.PostsApiControllerTest]: no resource found for suffixes {-context.xml, Context.groovy}.
2023-01-18 15:26:46.504  INFO 30756 --- [    Test worker] t.c.s.AnnotationConfigContextLoaderUtils : Could not detect default configuration classes for test class [springboot.webservice.taeyoon.web.PostsApiControllerTest]: PostsApiControllerTest does not declare any static, non-private, non-final, nested classes annotated with @Configuration.
2023-01-18 15:26:46.506  INFO 30756 --- [    Test worker] .b.t.c.SpringBootTestContextBootstrapper : Found @SpringBootConfiguration springboot.webservice.taeyoon.Application for test class springboot.webservice.taeyoon.web.PostsApiControllerTest
2023-01-18 15:26:46.507  INFO 30756 --- [    Test worker] .b.t.c.SpringBootTestContextBootstrapper : Loaded default TestExecutionListener class names from location [META-INF/spring.factories]: [org.springframework.security.test.context.support.WithSecurityContextTestExecutionListener, org.springframework.security.test.context.support.ReactorContextTestExecutionListener, org.springframework.boot.test.autoconfigure.restdocs.RestDocsTestExecutionListener, org.springframework.boot.test.autoconfigure.web.client.MockRestServiceServerResetTestExecutionListener, org.springframework.boot.test.autoconfigure.web.servlet.MockMvcPrintOnlyOnFailureTestExecutionListener, org.springframework.boot.test.autoconfigure.web.servlet.WebDriverTestExecutionListener, org.springframework.boot.test.mock.mockito.MockitoTestExecutionListener, org.springframework.boot.test.mock.mockito.ResetMocksTestExecutionListener, org.springframework.test.context.web.ServletTestExecutionListener, org.springframework.test.context.support.DirtiesContextBeforeModesTestExecutionListener, org.springframework.test.context.support.DependencyInjectionTestExecutionListener, org.springframework.test.context.support.DirtiesContextTestExecutionListener, org.springframework.test.context.transaction.TransactionalTestExecutionListener, org.springframework.test.context.jdbc.SqlScriptsTestExecutionListener]
2023-01-18 15:26:46.508  INFO 30756 --- [    Test worker] .b.t.c.SpringBootTestContextBootstrapper : Using TestExecutionListeners: [org.springframework.test.context.web.ServletTestExecutionListener@14ce13fa, org.springframework.test.context.support.DirtiesContextBeforeModesTestExecutionListener@296ddfc7, org.springframework.boot.test.mock.mockito.MockitoTestExecutionListener@29aa29f5, org.springframework.boot.test.autoconfigure.SpringBootDependencyInjectionTestExecutionListener@2a742ee4, org.springframework.test.context.support.DirtiesContextTestExecutionListener@4e41b993, org.springframework.test.context.transaction.TransactionalTestExecutionListener@915c47b, org.springframework.test.context.jdbc.SqlScriptsTestExecutionListener@7108b12d, org.springframework.security.test.context.support.WithSecurityContextTestExecutionListener@7a80b2e6, org.springframework.security.test.context.support.ReactorContextTestExecutionListener@394e0104, org.springframework.boot.test.autoconfigure.restdocs.RestDocsTestExecutionListener@1e5f3c4a, org.springframework.boot.test.autoconfigure.web.client.MockRestServiceServerResetTestExecutionListener@2aea7775, org.springframework.boot.test.autoconfigure.web.servlet.MockMvcPrintOnlyOnFailureTestExecutionListener@5502f74c, org.springframework.boot.test.autoconfigure.web.servlet.WebDriverTestExecutionListener@1c8d9ac9, org.springframework.boot.test.mock.mockito.ResetMocksTestExecutionListener@7b57587e]
2023-01-18 15:26:46.524  INFO 30756 --- [    Test worker] o.a.c.c.C.[Tomcat].[localhost].[/]       : Initializing Spring TestDispatcherServlet ''
2023-01-18 15:26:46.525  INFO 30756 --- [    Test worker] o.s.t.web.servlet.TestDispatcherServlet  : Initializing Servlet ''
2023-01-18 15:26:46.528  INFO 30756 --- [    Test worker] o.s.t.web.servlet.TestDispatcherServlet  : Completed initialization in 3 ms
Hibernate: insert into posts (created_date, modified_date, author, content, title) values (?, ?, ?, ?, ?)
Hibernate: select posts0_.id as id1_0_, posts0_.created_date as created_2_0_, posts0_.modified_date as modified3_0_, posts0_.author as author4_0_, posts0_.content as content5_0_, posts0_.title as title6_0_ from posts posts0_
Hibernate: select posts0_.id as id1_0_, posts0_.created_date as created_2_0_, posts0_.modified_date as modified3_0_, posts0_.author as author4_0_, posts0_.content as content5_0_, posts0_.title as title6_0_ from posts posts0_
Hibernate: delete from posts where id=?
2023-01-18 15:26:46.666  INFO 30756 --- [    Test worker] o.a.c.c.C.[Tomcat].[localhost].[/]       : Initializing Spring TestDispatcherServlet ''
2023-01-18 15:26:46.666  INFO 30756 --- [    Test worker] o.s.t.web.servlet.TestDispatcherServlet  : Initializing Servlet ''
2023-01-18 15:26:46.670  INFO 30756 --- [    Test worker] o.s.t.web.servlet.TestDispatcherServlet  : Completed initialization in 4 ms
Hibernate: insert into posts (created_date, modified_date, author, content, title) values (?, ?, ?, ?, ?)
Hibernate: select posts0_.id as id1_0_0_, posts0_.created_date as created_2_0_0_, posts0_.modified_date as modified3_0_0_, posts0_.author as author4_0_0_, posts0_.content as content5_0_0_, posts0_.title as title6_0_0_ from posts posts0_ where posts0_.id=?
Hibernate: update posts set created_date=?, modified_date=?, author=?, content=?, title=? where id=?
Hibernate: select posts0_.id as id1_0_, posts0_.created_date as created_2_0_, posts0_.modified_date as modified3_0_, posts0_.author as author4_0_, posts0_.content as content5_0_, posts0_.title as title6_0_ from posts posts0_
Hibernate: select posts0_.id as id1_0_, posts0_.created_date as created_2_0_, posts0_.modified_date as modified3_0_, posts0_.author as author4_0_, posts0_.content as content5_0_, posts0_.title as title6_0_ from posts posts0_
Hibernate: delete from posts where id=?
]]></system-out>
  <system-err><![CDATA[]]></system-err>
</testsuite>
