<?xml version="1.0" encoding="UTF-8"?>
<testsuite name="springboot.webservice.taeyoon.domain.posts.PostsRepositoryTest" tests="2" skipped="0" failures="0" errors="0" timestamp="2023-01-18T06:26:44" hostname="jeongtaeyun-ui-MacBookPro.local" time="0.356">
  <properties/>
  <testcase name="게시글저장_불러오기" classname="springboot.webservice.taeyoon.domain.posts.PostsRepositoryTest" time="0.341"/>
  <testcase name="BaseTimeEntity_등록" classname="springboot.webservice.taeyoon.domain.posts.PostsRepositoryTest" time="0.014"/>
  <system-out><![CDATA[15:26:38.532 [Test worker] DEBUG org.springframework.test.context.junit4.SpringJUnit4ClassRunner - SpringJUnit4ClassRunner constructor called with [class springboot.webservice.taeyoon.domain.posts.PostsRepositoryTest]
15:26:38.540 [Test worker] DEBUG org.springframework.test.context.BootstrapUtils - Instantiating CacheAwareContextLoaderDelegate from class [org.springframework.test.context.cache.DefaultCacheAwareContextLoaderDelegate]
15:26:38.546 [Test worker] DEBUG org.springframework.test.context.BootstrapUtils - Instantiating BootstrapContext using constructor [public org.springframework.test.context.support.DefaultBootstrapContext(java.lang.Class,org.springframework.test.context.CacheAwareContextLoaderDelegate)]
15:26:38.561 [Test worker] DEBUG org.springframework.test.context.BootstrapUtils - Instantiating TestContextBootstrapper for test class [springboot.webservice.taeyoon.domain.posts.PostsRepositoryTest] from class [org.springframework.boot.test.context.SpringBootTestContextBootstrapper]
15:26:38.569 [Test worker] INFO org.springframework.boot.test.context.SpringBootTestContextBootstrapper - Neither @ContextConfiguration nor @ContextHierarchy found for test class [springboot.webservice.taeyoon.domain.posts.PostsRepositoryTest], using SpringBootContextLoader
15:26:38.572 [Test worker] DEBUG org.springframework.test.context.support.AbstractContextLoader - Did not detect default resource location for test class [springboot.webservice.taeyoon.domain.posts.PostsRepositoryTest]: class path resource [springboot/webservice/taeyoon/domain/posts/PostsRepositoryTest-context.xml] does not exist
15:26:38.573 [Test worker] DEBUG org.springframework.test.context.support.AbstractContextLoader - Did not detect default resource location for test class [springboot.webservice.taeyoon.domain.posts.PostsRepositoryTest]: class path resource [springboot/webservice/taeyoon/domain/posts/PostsRepositoryTestContext.groovy] does not exist
15:26:38.574 [Test worker] INFO org.springframework.test.context.support.AbstractContextLoader - Could not detect default resource locations for test class [springboot.webservice.taeyoon.domain.posts.PostsRepositoryTest]: no resource found for suffixes {-context.xml, Context.groovy}.
15:26:38.574 [Test worker] INFO org.springframework.test.context.support.AnnotationConfigContextLoaderUtils - Could not detect default configuration classes for test class [springboot.webservice.taeyoon.domain.posts.PostsRepositoryTest]: PostsRepositoryTest does not declare any static, non-private, non-final, nested classes annotated with @Configuration.
15:26:38.607 [Test worker] DEBUG org.springframework.test.context.support.ActiveProfilesUtils - Could not find an 'annotation declaring class' for annotation type [org.springframework.test.context.ActiveProfiles] and class [springboot.webservice.taeyoon.domain.posts.PostsRepositoryTest]
15:26:38.667 [Test worker] DEBUG org.springframework.context.annotation.ClassPathScanningCandidateComponentProvider - Identified candidate component class: file [/Users/taeyoon/Desktop/study/springboot-webservice/build/classes/java/main/springboot/webservice/taeyoon/Application.class]
15:26:38.668 [Test worker] INFO org.springframework.boot.test.context.SpringBootTestContextBootstrapper - Found @SpringBootConfiguration springboot.webservice.taeyoon.Application for test class springboot.webservice.taeyoon.domain.posts.PostsRepositoryTest
15:26:38.748 [Test worker] DEBUG org.springframework.boot.test.context.SpringBootTestContextBootstrapper - @TestExecutionListeners is not present for class [springboot.webservice.taeyoon.domain.posts.PostsRepositoryTest]: using defaults.
15:26:38.748 [Test worker] INFO org.springframework.boot.test.context.SpringBootTestContextBootstrapper - Loaded default TestExecutionListener class names from location [META-INF/spring.factories]: [org.springframework.security.test.context.support.WithSecurityContextTestExecutionListener, org.springframework.security.test.context.support.ReactorContextTestExecutionListener, org.springframework.boot.test.autoconfigure.restdocs.RestDocsTestExecutionListener, org.springframework.boot.test.autoconfigure.web.client.MockRestServiceServerResetTestExecutionListener, org.springframework.boot.test.autoconfigure.web.servlet.MockMvcPrintOnlyOnFailureTestExecutionListener, org.springframework.boot.test.autoconfigure.web.servlet.WebDriverTestExecutionListener, org.springframework.boot.test.mock.mockito.MockitoTestExecutionListener, org.springframework.boot.test.mock.mockito.ResetMocksTestExecutionListener, org.springframework.test.context.web.ServletTestExecutionListener, org.springframework.test.context.support.DirtiesContextBeforeModesTestExecutionListener, org.springframework.test.context.support.DependencyInjectionTestExecutionListener, org.springframework.test.context.support.DirtiesContextTestExecutionListener, org.springframework.test.context.transaction.TransactionalTestExecutionListener, org.springframework.test.context.jdbc.SqlScriptsTestExecutionListener]
15:26:38.762 [Test worker] INFO org.springframework.boot.test.context.SpringBootTestContextBootstrapper - Using TestExecutionListeners: [org.springframework.test.context.web.ServletTestExecutionListener@1fcb4808, org.springframework.test.context.support.DirtiesContextBeforeModesTestExecutionListener@726e5805, org.springframework.boot.test.mock.mockito.MockitoTestExecutionListener@40c80397, org.springframework.boot.test.autoconfigure.SpringBootDependencyInjectionTestExecutionListener@4b672daa, org.springframework.test.context.support.DirtiesContextTestExecutionListener@ea9b7c6, org.springframework.test.context.transaction.TransactionalTestExecutionListener@e077866, org.springframework.test.context.jdbc.SqlScriptsTestExecutionListener@ed3068a, org.springframework.security.test.context.support.WithSecurityContextTestExecutionListener@7c2b6087, org.springframework.security.test.context.support.ReactorContextTestExecutionListener@3fffff43, org.springframework.boot.test.autoconfigure.restdocs.RestDocsTestExecutionListener@a8e6492, org.springframework.boot.test.autoconfigure.web.client.MockRestServiceServerResetTestExecutionListener@1c7fd41f, org.springframework.boot.test.autoconfigure.web.servlet.MockMvcPrintOnlyOnFailureTestExecutionListener@3b77a04f, org.springframework.boot.test.autoconfigure.web.servlet.WebDriverTestExecutionListener@7b324585, org.springframework.boot.test.mock.mockito.ResetMocksTestExecutionListener@2e11485]
15:26:38.764 [Test worker] DEBUG org.springframework.test.annotation.ProfileValueUtils - Retrieved @ProfileValueSourceConfiguration [null] for test class [springboot.webservice.taeyoon.domain.posts.PostsRepositoryTest]
15:26:38.765 [Test worker] DEBUG org.springframework.test.annotation.ProfileValueUtils - Retrieved ProfileValueSource type [class org.springframework.test.annotation.SystemProfileValueSource] for class [springboot.webservice.taeyoon.domain.posts.PostsRepositoryTest]
15:26:38.766 [Test worker] DEBUG org.springframework.test.annotation.ProfileValueUtils - Retrieved @ProfileValueSourceConfiguration [null] for test class [springboot.webservice.taeyoon.domain.posts.PostsRepositoryTest]
15:26:38.766 [Test worker] DEBUG org.springframework.test.annotation.ProfileValueUtils - Retrieved ProfileValueSource type [class org.springframework.test.annotation.SystemProfileValueSource] for class [springboot.webservice.taeyoon.domain.posts.PostsRepositoryTest]
15:26:38.771 [Test worker] DEBUG org.springframework.test.context.support.AbstractDirtiesContextTestExecutionListener - Before test class: context [DefaultTestContext@666b83a4 testClass = PostsRepositoryTest, testInstance = [null], testMethod = [null], testException = [null], mergedContextConfiguration = [WebMergedContextConfiguration@749c877b testClass = PostsRepositoryTest, locations = '{}', classes = '{class springboot.webservice.taeyoon.Application}', contextInitializerClasses = '[]', activeProfiles = '{}', propertySourceLocations = '{}', propertySourceProperties = '{org.springframework.boot.test.context.SpringBootTestContextBootstrapper=true}', contextCustomizers = set[org.springframework.boot.test.autoconfigure.properties.PropertyMappingContextCustomizer@0, org.springframework.boot.test.autoconfigure.web.servlet.WebDriverContextCustomizerFactory$Customizer@50de186c, org.springframework.boot.test.context.filter.ExcludeFilterContextCustomizer@36a5cabc, org.springframework.boot.test.json.DuplicateJsonObjectContextCustomizerFactory$DuplicateJsonObjectContextCustomizer@42530531, org.springframework.boot.test.mock.mockito.MockitoContextCustomizer@0, org.springframework.boot.test.web.client.TestRestTemplateContextCustomizer@1984b1f], resourceBasePath = 'src/main/webapp', contextLoader = 'org.springframework.boot.test.context.SpringBootContextLoader', parent = [null]], attributes = map['org.springframework.test.context.web.ServletTestExecutionListener.activateListener' -> true]], class annotated with @DirtiesContext [false] with mode [null].
15:26:38.772 [Test worker] DEBUG org.springframework.test.annotation.ProfileValueUtils - Retrieved @ProfileValueSourceConfiguration [null] for test class [springboot.webservice.taeyoon.domain.posts.PostsRepositoryTest]
15:26:38.773 [Test worker] DEBUG org.springframework.test.annotation.ProfileValueUtils - Retrieved ProfileValueSource type [class org.springframework.test.annotation.SystemProfileValueSource] for class [springboot.webservice.taeyoon.domain.posts.PostsRepositoryTest]
15:26:38.790 [Test worker] DEBUG org.springframework.test.context.support.TestPropertySourceUtils - Adding inlined properties to environment: {spring.jmx.enabled=false, org.springframework.boot.test.context.SpringBootTestContextBootstrapper=true, server.port=-1}

  .   ____          _            __ _ _
 /\\ / ___'_ __ _ _(_)_ __  __ _ \ \ \ \
( ( )\___ | '_ | '_| | '_ \/ _` | \ \ \ \
 \\/  ___)| |_)| | | | | || (_| |  ) ) ) )
  '  |____| .__|_| |_|_| |_\__, | / / / /
 =========|_|==============|___/=/_/_/_/
 :: Spring Boot ::        (v2.1.7.RELEASE)

2023-01-18 15:26:39.039  INFO 30756 --- [    Test worker] s.w.t.domain.posts.PostsRepositoryTest   : Starting PostsRepositoryTest on jeongtaeyun-ui-MacBookPro.local with PID 30756 (started by taeyoon in /Users/taeyoon/Desktop/study/springboot-webservice)
2023-01-18 15:26:39.041  INFO 30756 --- [    Test worker] s.w.t.domain.posts.PostsRepositoryTest   : No active profile set, falling back to default profiles: default
2023-01-18 15:26:39.816  INFO 30756 --- [    Test worker] .s.d.r.c.RepositoryConfigurationDelegate : Bootstrapping Spring Data repositories in DEFAULT mode.
2023-01-18 15:26:39.902  INFO 30756 --- [    Test worker] .s.d.r.c.RepositoryConfigurationDelegate : Finished Spring Data repository scanning in 68ms. Found 2 repository interfaces.
2023-01-18 15:26:40.459  INFO 30756 --- [    Test worker] trationDelegate$BeanPostProcessorChecker : Bean 'org.springframework.transaction.annotation.ProxyTransactionManagementConfiguration' of type [org.springframework.transaction.annotation.ProxyTransactionManagementConfiguration$$EnhancerBySpringCGLIB$$f9675970] is not eligible for getting processed by all BeanPostProcessors (for example: not eligible for auto-proxying)
2023-01-18 15:26:40.651  INFO 30756 --- [    Test worker] com.zaxxer.hikari.HikariDataSource       : HikariPool-1 - Starting...
2023-01-18 15:26:40.819  INFO 30756 --- [    Test worker] com.zaxxer.hikari.HikariDataSource       : HikariPool-1 - Start completed.
2023-01-18 15:26:40.910  INFO 30756 --- [    Test worker] o.hibernate.jpa.internal.util.LogHelper  : HHH000204: Processing PersistenceUnitInfo [
	name: default
	...]
2023-01-18 15:26:40.976  INFO 30756 --- [    Test worker] org.hibernate.Version                    : HHH000412: Hibernate Core {5.3.10.Final}
2023-01-18 15:26:40.977  INFO 30756 --- [    Test worker] org.hibernate.cfg.Environment            : HHH000206: hibernate.properties not found
2023-01-18 15:26:41.128  INFO 30756 --- [    Test worker] o.hibernate.annotations.common.Version   : HCANN000001: Hibernate Commons Annotations {5.0.4.Final}
2023-01-18 15:26:41.271  INFO 30756 --- [    Test worker] org.hibernate.dialect.Dialect            : HHH000400: Using dialect: org.hibernate.dialect.MySQL5InnoDBDialect
Hibernate: drop table if exists posts
Hibernate: drop table if exists user
Hibernate: create table posts (id bigint not null auto_increment, created_date datetime, modified_date datetime, author varchar(255), content TEXT not null, title varchar(500) not null, primary key (id)) engine=InnoDB
Hibernate: create table user (id bigint not null auto_increment, created_date datetime, modified_date datetime, email varchar(255) not null, name varchar(255) not null, picture varchar(255), role varchar(255) not null, primary key (id)) engine=InnoDB
2023-01-18 15:26:41.918  INFO 30756 --- [    Test worker] o.h.t.schema.internal.SchemaCreatorImpl  : HHH000476: Executing import script 'org.hibernate.tool.schema.internal.exec.ScriptSourceInputNonExistentImpl@1987807b'
2023-01-18 15:26:41.920  INFO 30756 --- [    Test worker] j.LocalContainerEntityManagerFactoryBean : Initialized JPA EntityManagerFactory for persistence unit 'default'
2023-01-18 15:26:42.495  INFO 30756 --- [    Test worker] o.h.h.i.QueryTranslatorFactoryInitiator  : HHH000397: Using ASTQueryTranslatorFactory
2023-01-18 15:26:42.965  INFO 30756 --- [    Test worker] o.s.s.web.DefaultSecurityFilterChain     : Creating filter chain: any request, [org.springframework.security.web.context.request.async.WebAsyncManagerIntegrationFilter@58fbfefb, org.springframework.security.web.context.SecurityContextPersistenceFilter@5b643d6e, org.springframework.security.web.header.HeaderWriterFilter@156eeff1, org.springframework.security.web.authentication.logout.LogoutFilter@18301763, org.springframework.security.oauth2.client.web.OAuth2AuthorizationRequestRedirectFilter@30b97fcf, org.springframework.security.oauth2.client.web.OAuth2LoginAuthenticationFilter@48da5106, org.springframework.security.web.authentication.ui.DefaultLoginPageGeneratingFilter@41948c13, org.springframework.security.web.authentication.ui.DefaultLogoutPageGeneratingFilter@1db9c2cf, org.springframework.security.web.savedrequest.RequestCacheAwareFilter@30ca66c5, org.springframework.security.web.servletapi.SecurityContextHolderAwareRequestFilter@cbc3bf3, org.springframework.security.web.authentication.AnonymousAuthenticationFilter@32e7df65, org.springframework.security.web.session.SessionManagementFilter@30e15628, org.springframework.security.web.access.ExceptionTranslationFilter@58e4aa67, org.springframework.security.web.access.intercept.FilterSecurityInterceptor@c414eb3]
2023-01-18 15:26:43.540  INFO 30756 --- [    Test worker] o.s.s.concurrent.ThreadPoolTaskExecutor  : Initializing ExecutorService 'applicationTaskExecutor'
2023-01-18 15:26:43.604  WARN 30756 --- [    Test worker] aWebConfiguration$JpaWebMvcConfiguration : spring.jpa.open-in-view is enabled by default. Therefore, database queries may be performed during view rendering. Explicitly configure spring.jpa.open-in-view to disable this warning
2023-01-18 15:26:43.667  INFO 30756 --- [    Test worker] o.s.b.a.w.s.WelcomePageHandlerMapping    : Adding welcome page template: index
2023-01-18 15:26:44.207  INFO 30756 --- [    Test worker] s.a.ScheduledAnnotationBeanPostProcessor : No TaskScheduler/ScheduledExecutorService bean found for scheduled processing
2023-01-18 15:26:44.217  INFO 30756 --- [    Test worker] s.w.t.domain.posts.PostsRepositoryTest   : Started PostsRepositoryTest in 5.42 seconds (JVM running for 6.254)
Hibernate: insert into posts (created_date, modified_date, author, content, title) values (?, ?, ?, ?, ?)
Hibernate: select posts0_.id as id1_0_, posts0_.created_date as created_2_0_, posts0_.modified_date as modified3_0_, posts0_.author as author4_0_, posts0_.content as content5_0_, posts0_.title as title6_0_ from posts posts0_
Hibernate: select posts0_.id as id1_0_, posts0_.created_date as created_2_0_, posts0_.modified_date as modified3_0_, posts0_.author as author4_0_, posts0_.content as content5_0_, posts0_.title as title6_0_ from posts posts0_
Hibernate: delete from posts where id=?
Hibernate: insert into posts (created_date, modified_date, author, content, title) values (?, ?, ?, ?, ?)
Hibernate: select posts0_.id as id1_0_, posts0_.created_date as created_2_0_, posts0_.modified_date as modified3_0_, posts0_.author as author4_0_, posts0_.content as content5_0_, posts0_.title as title6_0_ from posts posts0_
>>>>>>>>>> createDate = 2023-01-18T15:26:44.586090, modifiedDate = 2023-01-18T15:26:44.586090
Hibernate: select posts0_.id as id1_0_, posts0_.created_date as created_2_0_, posts0_.modified_date as modified3_0_, posts0_.author as author4_0_, posts0_.content as content5_0_, posts0_.title as title6_0_ from posts posts0_
Hibernate: delete from posts where id=?
]]></system-out>
  <system-err><![CDATA[]]></system-err>
</testsuite>
