<?xml version="1.0" encoding="UTF-8"?>
<testsuite name="springboot.webservice.taeyoon.web.HelloControllerTest" tests="2" skipped="0" failures="0" errors="0" timestamp="2023-01-18T06:26:47" hostname="jeongtaeyun-ui-MacBookPro.local" time="0.036">
  <properties/>
  <testcase name="hello가_리턴된다" classname="springboot.webservice.taeyoon.web.HelloControllerTest" time="0.011"/>
  <testcase name="helloDto가_리턴된다" classname="springboot.webservice.taeyoon.web.HelloControllerTest" time="0.024"/>
  <system-out><![CDATA[2023-01-18 15:26:46.707  INFO 30756 --- [    Test worker] .b.t.a.w.s.WebMvcTestContextBootstrapper : Neither @ContextConfiguration nor @ContextHierarchy found for test class [springboot.webservice.taeyoon.web.HelloControllerTest], using SpringBootContextLoader
2023-01-18 15:26:46.708  INFO 30756 --- [    Test worker] o.s.t.c.support.AbstractContextLoader    : Could not detect default resource locations for test class [springboot.webservice.taeyoon.web.HelloControllerTest]: no resource found for suffixes {-context.xml, Context.groovy}.
2023-01-18 15:26:46.709  INFO 30756 --- [    Test worker] t.c.s.AnnotationConfigContextLoaderUtils : Could not detect default configuration classes for test class [springboot.webservice.taeyoon.web.HelloControllerTest]: HelloControllerTest does not declare any static, non-private, non-final, nested classes annotated with @Configuration.
2023-01-18 15:26:46.726  INFO 30756 --- [    Test worker] .b.t.c.SpringBootTestContextBootstrapper : Found @SpringBootConfiguration springboot.webservice.taeyoon.Application for test class springboot.webservice.taeyoon.web.HelloControllerTest
2023-01-18 15:26:46.727  INFO 30756 --- [    Test worker] .b.t.a.w.s.WebMvcTestContextBootstrapper : Loaded default TestExecutionListener class names from location [META-INF/spring.factories]: [org.springframework.security.test.context.support.WithSecurityContextTestExecutionListener, org.springframework.security.test.context.support.ReactorContextTestExecutionListener, org.springframework.boot.test.autoconfigure.restdocs.RestDocsTestExecutionListener, org.springframework.boot.test.autoconfigure.web.client.MockRestServiceServerResetTestExecutionListener, org.springframework.boot.test.autoconfigure.web.servlet.MockMvcPrintOnlyOnFailureTestExecutionListener, org.springframework.boot.test.autoconfigure.web.servlet.WebDriverTestExecutionListener, org.springframework.boot.test.mock.mockito.MockitoTestExecutionListener, org.springframework.boot.test.mock.mockito.ResetMocksTestExecutionListener, org.springframework.test.context.web.ServletTestExecutionListener, org.springframework.test.context.support.DirtiesContextBeforeModesTestExecutionListener, org.springframework.test.context.support.DependencyInjectionTestExecutionListener, org.springframework.test.context.support.DirtiesContextTestExecutionListener, org.springframework.test.context.transaction.TransactionalTestExecutionListener, org.springframework.test.context.jdbc.SqlScriptsTestExecutionListener]
2023-01-18 15:26:46.728  INFO 30756 --- [    Test worker] .b.t.a.w.s.WebMvcTestContextBootstrapper : Using TestExecutionListeners: [org.springframework.test.context.web.ServletTestExecutionListener@125447a0, org.springframework.test.context.support.DirtiesContextBeforeModesTestExecutionListener@cede70a, org.springframework.boot.test.mock.mockito.MockitoTestExecutionListener@6dc8a602, org.springframework.boot.test.autoconfigure.SpringBootDependencyInjectionTestExecutionListener@2a45c6f0, org.springframework.test.context.support.DirtiesContextTestExecutionListener@1a9cfd5f, org.springframework.test.context.transaction.TransactionalTestExecutionListener@792a9cb1, org.springframework.test.context.jdbc.SqlScriptsTestExecutionListener@51fadd20, org.springframework.security.test.context.support.WithSecurityContextTestExecutionListener@550ce3a9, org.springframework.security.test.context.support.ReactorContextTestExecutionListener@28878a52, org.springframework.boot.test.autoconfigure.restdocs.RestDocsTestExecutionListener@56554e7, org.springframework.boot.test.autoconfigure.web.client.MockRestServiceServerResetTestExecutionListener@2f19ab6, org.springframework.boot.test.autoconfigure.web.servlet.MockMvcPrintOnlyOnFailureTestExecutionListener@305230ea, org.springframework.boot.test.autoconfigure.web.servlet.WebDriverTestExecutionListener@2493f9a8, org.springframework.boot.test.mock.mockito.ResetMocksTestExecutionListener@b7e53b1]

  .   ____          _            __ _ _
 /\\ / ___'_ __ _ _(_)_ __  __ _ \ \ \ \
( ( )\___ | '_ | '_| | '_ \/ _` | \ \ \ \
 \\/  ___)| |_)| | | | | || (_| |  ) ) ) )
  '  |____| .__|_| |_|_| |_\__, | / / / /
 =========|_|==============|___/=/_/_/_/
 :: Spring Boot ::        (v2.1.7.RELEASE)

2023-01-18 15:26:46.746  INFO 30756 --- [    Test worker] s.w.taeyoon.web.HelloControllerTest      : Starting HelloControllerTest on jeongtaeyun-ui-MacBookPro.local with PID 30756 (started by taeyoon in /Users/taeyoon/Desktop/study/springboot-webservice)
2023-01-18 15:26:46.747  INFO 30756 --- [    Test worker] s.w.taeyoon.web.HelloControllerTest      : No active profile set, falling back to default profiles: default
2023-01-18 15:26:47.061  INFO 30756 --- [    Test worker] o.s.s.concurrent.ThreadPoolTaskExecutor  : Initializing ExecutorService 'applicationTaskExecutor'
2023-01-18 15:26:47.082  INFO 30756 --- [    Test worker] o.s.b.a.w.s.WelcomePageHandlerMapping    : Adding welcome page template: index
2023-01-18 15:26:47.231  INFO 30756 --- [    Test worker] .s.s.UserDetailsServiceAutoConfiguration : 

Using generated security password: a96d8c28-c036-4c9d-af83-98c2bcd27a47

2023-01-18 15:26:47.356  INFO 30756 --- [    Test worker] o.s.s.web.DefaultSecurityFilterChain     : Creating filter chain: any request, [org.springframework.security.web.context.request.async.WebAsyncManagerIntegrationFilter@64230d44, org.springframework.security.web.context.SecurityContextPersistenceFilter@7821d009, org.springframework.security.web.header.HeaderWriterFilter@38cd7531, org.springframework.security.web.csrf.CsrfFilter@67f8586f, org.springframework.security.web.authentication.logout.LogoutFilter@11893180, org.springframework.security.web.authentication.UsernamePasswordAuthenticationFilter@673218b2, org.springframework.security.web.authentication.ui.DefaultLoginPageGeneratingFilter@22b112bb, org.springframework.security.web.authentication.ui.DefaultLogoutPageGeneratingFilter@1ff584d7, org.springframework.security.web.authentication.www.BasicAuthenticationFilter@684001e6, org.springframework.security.web.savedrequest.RequestCacheAwareFilter@77984827, org.springframework.security.web.servletapi.SecurityContextHolderAwareRequestFilter@24afdf18, org.springframework.security.web.authentication.AnonymousAuthenticationFilter@7752f9fe, org.springframework.security.web.session.SessionManagementFilter@1dd36967, org.springframework.security.web.access.ExceptionTranslationFilter@5c7a699b, org.springframework.security.web.access.intercept.FilterSecurityInterceptor@1cb09347]
2023-01-18 15:26:47.364  INFO 30756 --- [    Test worker] o.s.b.t.m.w.SpringBootMockServletContext : Initializing Spring TestDispatcherServlet ''
2023-01-18 15:26:47.365  INFO 30756 --- [    Test worker] o.s.t.web.servlet.TestDispatcherServlet  : Initializing Servlet ''
2023-01-18 15:26:47.366  INFO 30756 --- [    Test worker] o.s.t.web.servlet.TestDispatcherServlet  : Completed initialization in 1 ms
2023-01-18 15:26:47.386  INFO 30756 --- [    Test worker] s.w.taeyoon.web.HelloControllerTest      : Started HelloControllerTest in 0.657 seconds (JVM running for 9.423)
]]></system-out>
  <system-err><![CDATA[]]></system-err>
</testsuite>
