<?xml version="1.0" encoding="UTF-8"?>
<testsuite name="springboot.webservice.taeyoon.web.dto.HelloResponseDtoTest" tests="1" skipped="0" failures="0" errors="0" timestamp="2023-01-18T06:26:47" hostname="jeongtaeyun-ui-MacBookPro.local" time="0.003">
  <properties/>
  <testcase name="롬북_기능_테스트" classname="springboot.webservice.taeyoon.web.dto.HelloResponseDtoTest" time="0.003"/>
  <system-out><![CDATA[]]></system-out>
  <system-err><![CDATA[]]></system-err>
</testsuite>
